<?xml version="1.0" encoding="UTF-8"?>
<!-- Generated by org.testng.reporters.JUnitXMLReporter -->
<testsuite ignored="0" hostname="DESKTOP-0EHFVPO" failures="0" tests="3" name="Test" time="43.557" errors="0" timestamp="2026-03-08T22:46:36 IST">
  <testcase classname="selframe.hq.SubmitOrder" name="submitOrder" time="5.259"/>
  <testcase classname="selframe.hq.SubmitOrder" name="submitOrder" time="16.372"/>
  <testcase classname="selframe.hq.SubmitOrder" name="orderHistorytest" time="1.171"/>
</testsuite> <!-- Test -->
