<?xml version="1.0" encoding="UTF-8"?>
<!-- Generated by org.testng.reporters.JUnitXMLReporter -->
<testsuite ignored="0" hostname="DESKTOP-0EHFVPO" failures="1" tests="3" name="Error Test" time="24.497" errors="0" timestamp="2026-03-07T15:41:56 IST">
  <testcase classname="selframe.hq.ErrorValidationTest" name="LoginErrorValidation" time="0.714">
    <skipped/>
  </testcase> <!-- LoginErrorValidation -->
  <testcase classname="selframe.hq.ErrorValidationTest" name="LoginErrorValidation" time="0.567">
    <failure type="java.lang.AssertionError" message="expected [Login Successfully] but found [Incorrect email or password.]">
      <![CDATA[java.lang.AssertionError: expected [Login Successfully] but found [Incorrect email or password.]
at selframe.hq.ErrorValidationTest.LoginErrorValidation(ErrorValidationTest.java:21)
at java.base/java.util.ArrayList.forEach(ArrayList.java:1596)
... Removed 35 stack frames]]>
    </failure>
  </testcase> <!-- LoginErrorValidation -->
  <testcase classname="selframe.hq.ErrorValidationTest" name="ProductErrorValidation" time="13.782"/>
</testsuite> <!-- Error Test -->
