<?xml version="1.0" encoding="UTF-8"?>
<!-- Generated by org.testng.reporters.JUnitReportReporter -->
<testsuite hostname="DESKTOP-0EHFVPO" failures="0" tests="3" name="selframe.hq.StandAloneAppTest" time="93.079" errors="0" timestamp="2026-03-05T00:23:47 IST" skipped="0">
  <testcase classname="selframe.hq.StandAloneAppTest" name="orderHistorytest" time="5.266"/>
  <testcase classname="selframe.hq.StandAloneAppTest" name="submitOrder" time="68.912"/>
  <testcase classname="selframe.hq.StandAloneAppTest" name="submitOrder" time="18.901"/>
</testsuite> <!-- selframe.hq.StandAloneAppTest -->
