<?xml version="1.0" encoding="UTF-8"?>
<!-- Generated by org.testng.reporters.JUnitReportReporter -->
<testsuite hostname="DESKTOP-0EHFVPO" failures="0" tests="3" name="selframe.hq.SubmitOrder" time="43.112" errors="0" timestamp="2026-03-08T22:47:06 IST" skipped="0">
  <testcase classname="selframe.hq.SubmitOrder" name="submitOrder" time="10.646"/>
  <testcase classname="selframe.hq.SubmitOrder" name="orderHistorytest" time="5.136"/>
  <testcase classname="selframe.hq.SubmitOrder" name="submitOrder" time="27.330"/>
</testsuite> <!-- selframe.hq.SubmitOrder -->
